<?xml version="1.0" encoding="UTF-8"?>
<!-- Generated by org.testng.reporters.JUnitXMLReporter -->
<testsuite hostname="Admin-PC" name="Yahoo Register Test" tests="3" failures="0" timestamp="8 Jan 2016 00:36:13 GMT" time="0.003" errors="0">
  <testcase name="testRegister" time="0.001" classname="sample_Package.YahooRegistrationTest"/>
  <testcase name="testRegister" time="0.0" classname="sample_Package.YahooRegistrationTest"/>
  <testcase name="testRegister" time="0.0" classname="sample_Package.YahooRegistrationTest"/>
</testsuite> <!-- Yahoo Register Test -->
